Watching for file changes with StatReloader
Watching for file changes with StatReloader
C:\Users\sahil_qx\OneDrive\Desktop\SkillRadar\backend\recommendations\admin.py changed, reloading.
Watching for file changes with StatReloader
C:\Users\sahil_qx\OneDrive\Desktop\SkillRadar\backend\recommendations\admin.py changed, reloading.
Watching for file changes with StatReloader
C:\Users\sahil_qx\OneDrive\Desktop\SkillRadar\backend\recommendations\admin.py changed, reloading.
Watching for file changes with StatReloader
C:\Users\sahil_qx\OneDrive\Desktop\SkillRadar\backend\recommendations\admin.py changed, reloading.
Watching for file changes with StatReloader
Watching for file changes with StatReloader
C:\Users\sahil_qx\OneDrive\Desktop\SkillRadar\backend\recommendations\admin.py changed, reloading.
Watching for file changes with StatReloader
Watching for file changes with StatReloader
C:\Users\sahil_qx\OneDrive\Desktop\SkillRadar\backend\recommendations\models.py changed, reloading.
Watching for file changes with StatReloader
Watching for file changes with StatReloader
C:\Users\sahil_qx\OneDrive\Desktop\SkillRadar\backend\recommendations\models.py changed, reloading.
Watching for file changes with StatReloader
C:\Users\sahil_qx\OneDrive\Desktop\SkillRadar\backend\recommendations\models.py changed, reloading.
Watching for file changes with StatReloader
Watching for file changes with StatReloader
C:\Users\sahil_qx\OneDrive\Desktop\SkillRadar\backend\resume_converter\settings.py changed, reloading.
Watching for file changes with StatReloader
C:\Users\sahil_qx\OneDrive\Desktop\SkillRadar\backend\resume_converter\settings.py changed, reloading.
Watching for file changes with StatReloader
C:\Users\sahil_qx\OneDrive\Desktop\SkillRadar\backend\resume_converter\settings.py changed, reloading.
Watching for file changes with StatReloader
Watching for file changes with StatReloader
Watching for file changes with StatReloader
Watching for file changes with StatReloader
Watching for file changes with StatReloader
Watching for file changes with StatReloader
C:\Users\sahil_qx\OneDrive\Desktop\SkillRadar\backend\recommendations\views.py changed, reloading.
Watching for file changes with StatReloader
C:\Users\sahil_qx\OneDrive\Desktop\SkillRadar\backend\recommendations\views.py changed, reloading.
Watching for file changes with StatReloader
C:\Users\sahil_qx\OneDrive\Desktop\SkillRadar\backend\recommendations\views.py changed, reloading.
Watching for file changes with StatReloader
C:\Users\sahil_qx\OneDrive\Desktop\SkillRadar\backend\recommendations\views.py changed, reloading.
Watching for file changes with StatReloader
C:\Users\sahil_qx\OneDrive\Desktop\SkillRadar\backend\recommendations\views.py changed, reloading.
Watching for file changes with StatReloader
C:\Users\sahil_qx\OneDrive\Desktop\SkillRadar\backend\recommendations\views.py changed, reloading.
Watching for file changes with StatReloader
Watching for file changes with StatReloader
C:\Users\sahil_qx\OneDrive\Desktop\SkillRadar\backend\recommendations\serializers.py changed, reloading.
Watching for file changes with StatReloader
C:\Users\sahil_qx\OneDrive\Desktop\SkillRadar\backend\recommendations\serializers.py changed, reloading.
Watching for file changes with StatReloader
C:\Users\sahil_qx\OneDrive\Desktop\SkillRadar\backend\recommendations\serializers.py changed, reloading.
Watching for file changes with StatReloader
Watching for file changes with StatReloader
C:\Users\sahil_qx\OneDrive\Desktop\SkillRadar\backend\recommendations\tasks.py changed, reloading.
Watching for file changes with StatReloader
C:\Users\sahil_qx\OneDrive\Desktop\SkillRadar\backend\recommendations\tasks.py changed, reloading.
Watching for file changes with StatReloader
C:\Users\sahil_qx\OneDrive\Desktop\SkillRadar\backend\recommendations\tasks.py changed, reloading.
Watching for file changes with StatReloader
Watching for file changes with StatReloader
C:\Users\sahil_qx\OneDrive\Desktop\SkillRadar\backend\recommendations\admin.py changed, reloading.
Watching for file changes with StatReloader
Watching for file changes with StatReloader
C:\Users\sahil_qx\OneDrive\Desktop\SkillRadar\backend\recommendations\admin.py changed, reloading.
Watching for file changes with StatReloader
C:\Users\sahil_qx\OneDrive\Desktop\SkillRadar\backend\recommendations\admin.py changed, reloading.
Watching for file changes with StatReloader
C:\Users\sahil_qx\OneDrive\Desktop\SkillRadar\backend\recommendations\admin.py changed, reloading.
Watching for file changes with StatReloader
C:\Users\sahil_qx\OneDrive\Desktop\SkillRadar\backend\recommendations\admin.py changed, reloading.
Watching for file changes with StatReloader
Watching for file changes with StatReloader
C:\Users\sahil_qx\OneDrive\Desktop\SkillRadar\backend\recommendations\admin.py changed, reloading.
Watching for file changes with StatReloader
C:\Users\sahil_qx\OneDrive\Desktop\SkillRadar\backend\recommendations\admin.py changed, reloading.
Watching for file changes with StatReloader
C:\Users\sahil_qx\OneDrive\Desktop\SkillRadar\backend\recommendations\admin.py changed, reloading.
Watching for file changes with StatReloader
C:\Users\sahil_qx\OneDrive\Desktop\SkillRadar\backend\recommendations\admin.py changed, reloading.
Watching for file changes with StatReloader
C:\Users\sahil_qx\OneDrive\Desktop\SkillRadar\backend\recommendations\admin.py changed, reloading.
Watching for file changes with StatReloader
C:\Users\sahil_qx\OneDrive\Desktop\SkillRadar\backend\recommendations\models.py changed, reloading.
Watching for file changes with StatReloader
C:\Users\sahil_qx\OneDrive\Desktop\SkillRadar\backend\resume_converter\settings.py changed, reloading.
Watching for file changes with StatReloader
Not Found: /
"GET / HTTP/1.1" 404 3443
Not Found: /favicon.ico
"GET /favicon.ico HTTP/1.1" 404 3494
C:\Users\sahil_qx\OneDrive\Desktop\SkillRadar\backend\resume_converter\settings.py changed, reloading.
Watching for file changes with StatReloader
C:\Users\sahil_qx\OneDrive\Desktop\SkillRadar\backend\resume_converter\settings.py changed, reloading.
Watching for file changes with StatReloader
Watching for file changes with StatReloader
C:\Users\sahil_qx\OneDrive\Desktop\SkillRadar\backend\resume_converter\settings.py changed, reloading.
Watching for file changes with StatReloader
C:\Users\sahil_qx\OneDrive\Desktop\SkillRadar\backend\resume_converter\settings.py changed, reloading.
Watching for file changes with StatReloader
